Application3/app/build/intermediates/manifest_merge_blame_file/debug/manifest-merger-blame-debug-report.txt
1<?xml version="1.0" encoding="utf-8"?>
2<manifest xmlns:android="http://schemas.android.com/apk/res/android"
3    package="com.example.application3"
4    android:versionCode="1"
5    android:versionName="1.0" >
6
7    <uses-sdk
8        android:minSdkVersion="24"
9        android:targetSdkVersion="34" />
10
11    <uses-permission android:name="android.permission.INTERNET" />
11-->src\main\AndroidManifest.xml:5:5-67
11-->src\main\AndroidManifest.xml:5:22-64
12    <uses-permission android:name="android.permission.ACCESS_NETWORK_STATE" />
12-->[com.google.firebase:firebase-auth:22.3.0] AndroidManifest.xml:26:5-79
12-->[com.google.firebase:firebase-auth:22.3.0] AndroidManifest.xml:26:22-76
13
14    <permission
14-->[androidx.core:core:1.9.0] AndroidManifest.xml:22:5-24:47
15        android:name="com.example.application3.DYNAMIC_RECEIVER_NOT_EXPORTED_PERMISSION"
15-->[androidx.core:core:1.9.0] AndroidManifest.xml:23:9-81
16        android:protectionLevel="signature" />
16-->[androidx.core:core:1.9.0] AndroidManifest.xml:24:9-44
17
18    <uses-permission android:name="com.example.application3.DYNAMIC_RECEIVER_NOT_EXPORTED_PERMISSION" />
18-->[androidx.core:core:1.9.0] AndroidManifest.xml:26:5-97
18-->[androidx.core:core:1.9.0] AndroidManifest.xml:26:22-94
19
20    <application
20-->src\main\AndroidManifest.xml:6:5-43:19
21        android:allowBackup="true"
21-->src\main\AndroidManifest.xml:7:9-35
22        android:appComponentFactory="androidx.core.app.CoreComponentFactory"
22-->[androidx.core:core:1.9.0] AndroidManifest.xml:28:18-86
23        android:dataExtractionRules="@xml/data_extraction_rules"
23-->src\main\AndroidManifest.xml:8:9-65
24        android:debuggable="true"
25        android:extractNativeLibs="false"
26        android:fullBackupContent="@xml/backup_rules"
26-->src\main\AndroidManifest.xml:9:9-54
27        android:icon="@mipmap/ic_launcher"
27-->src\main\AndroidManifest.xml:10:9-43
28        android:label="@string/app_name"
28-->src\main\AndroidManifest.xml:11:9-41
29        android:roundIcon="@mipmap/ic_launcher_round"
29-->src\main\AndroidManifest.xml:12:9-54
30        android:supportsRtl="true"
30-->src\main\AndroidManifest.xml:13:9-35
31        android:testOnly="true"
32        android:theme="@style/Theme.Material3.Light" >
32-->src\main\AndroidManifest.xml:14:9-53
33        <activity
33-->src\main\AndroidManifest.xml:16:9-23:20
34            android:name="com.example.application3.Register"
34-->src\main\AndroidManifest.xml:17:13-37
35            android:exported="false"
35-->src\main\AndroidManifest.xml:18:13-37
36            android:theme="@style/Theme.Material3.Light.NoActionBar" >
36-->src\main\AndroidManifest.xml:19:13-69
37            <meta-data
37-->src\main\AndroidManifest.xml:20:13-22:36
38                android:name="android.app.lib_name"
38-->src\main\AndroidManifest.xml:21:17-52
39                android:value="" />
39-->src\main\AndroidManifest.xml:22:17-33
40        </activity>
41        <activity
41-->src\main\AndroidManifest.xml:24:9-35:20
42            android:name="com.example.application3.Login"
42-->src\main\AndroidManifest.xml:25:13-34
43            android:exported="true"
43-->src\main\AndroidManifest.xml:26:13-36
44            android:theme="@style/Theme.Material3.Light.NoActionBar" >
44-->src\main\AndroidManifest.xml:27:13-69
45            <intent-filter>
45-->src\main\AndroidManifest.xml:28:13-31:29
46                <action android:name="android.intent.action.MAIN" />
46-->src\main\AndroidManifest.xml:29:17-69
46-->src\main\AndroidManifest.xml:29:25-66
47
48                <category android:name="android.intent.category.LAUNCHER" />
48-->src\main\AndroidManifest.xml:30:17-77
48-->src\main\AndroidManifest.xml:30:27-74
49            </intent-filter>
50
51            <meta-data
51-->src\main\AndroidManifest.xml:20:13-22:36
52                android:name="android.app.lib_name"
52-->src\main\AndroidManifest.xml:21:17-52
53                android:value="" />
53-->src\main\AndroidManifest.xml:22:17-33
54        </activity>
55        <activity
55-->src\main\AndroidManifest.xml:36:9-42:20
56            android:name="com.example.application3.MainActivity"
56-->src\main\AndroidManifest.xml:37:13-41
57            android:exported="true" >
57-->src\main\AndroidManifest.xml:38:13-36
58            <meta-data
58-->src\main\AndroidManifest.xml:20:13-22:36
59                android:name="android.app.lib_name"
59-->src\main\AndroidManifest.xml:21:17-52
60                android:value="" />
60-->src\main\AndroidManifest.xml:22:17-33
61        </activity>
62        <activity
62-->[com.google.firebase:firebase-auth:22.3.0] AndroidManifest.xml:29:9-46:20
63            android:name="com.google.firebase.auth.internal.GenericIdpActivity"
63-->[com.google.firebase:firebase-auth:22.3.0] AndroidManifest.xml:30:13-80
64            android:excludeFromRecents="true"
64-->[com.google.firebase:firebase-auth:22.3.0] AndroidManifest.xml:31:13-46
65            android:exported="true"
65-->[com.google.firebase:firebase-auth:22.3.0] AndroidManifest.xml:32:13-36
66            android:launchMode="singleTask"
66-->[com.google.firebase:firebase-auth:22.3.0] AndroidManifest.xml:33:13-44
67            android:theme="@android:style/Theme.Translucent.NoTitleBar" >
67-->[com.google.firebase:firebase-auth:22.3.0] AndroidManifest.xml:34:13-72
68            <intent-filter>
68-->[com.google.firebase:firebase-auth:22.3.0] AndroidManifest.xml:35:13-45:29
69                <action android:name="android.intent.action.VIEW" />
69-->[com.google.firebase:firebase-auth:22.3.0] AndroidManifest.xml:36:17-69
69-->[com.google.firebase:firebase-auth:22.3.0] AndroidManifest.xml:36:25-66
70
71                <category android:name="android.intent.category.DEFAULT" />
71-->[com.google.firebase:firebase-auth:22.3.0] AndroidManifest.xml:38:17-76
71-->[com.google.firebase:firebase-auth:22.3.0] AndroidManifest.xml:38:27-73
72                <category android:name="android.intent.category.BROWSABLE" />
72-->[com.google.firebase:firebase-auth:22.3.0] AndroidManifest.xml:39:17-78
72-->[com.google.firebase:firebase-auth:22.3.0] AndroidManifest.xml:39:27-75
73
74                <data
74-->[com.google.firebase:firebase-auth:22.3.0] AndroidManifest.xml:41:17-44:51
75                    android:host="firebase.auth"
75-->[com.google.firebase:firebase-auth:22.3.0] AndroidManifest.xml:42:21-49
76                    android:path="/"
76-->[com.google.firebase:firebase-auth:22.3.0] AndroidManifest.xml:43:21-37
77                    android:scheme="genericidp" />
77-->[com.google.firebase:firebase-auth:22.3.0] AndroidManifest.xml:44:21-48
78            </intent-filter>
79        </activity>
80        <activity
80-->[com.google.firebase:firebase-auth:22.3.0] AndroidManifest.xml:47:9-64:20
81            android:name="com.google.firebase.auth.internal.RecaptchaActivity"
81-->[com.google.firebase:firebase-auth:22.3.0] AndroidManifest.xml:48:13-79
82            android:excludeFromRecents="true"
82-->[com.google.firebase:firebase-auth:22.3.0] AndroidManifest.xml:49:13-46
83            android:exported="true"
83-->[com.google.firebase:firebase-auth:22.3.0] AndroidManifest.xml:50:13-36
84            android:launchMode="singleTask"
84-->[com.google.firebase:firebase-auth:22.3.0] AndroidManifest.xml:51:13-44
85            android:theme="@android:style/Theme.Translucent.NoTitleBar" >
85-->[com.google.firebase:firebase-auth:22.3.0] AndroidManifest.xml:52:13-72
86            <intent-filter>
86-->[com.google.firebase:firebase-auth:22.3.0] AndroidManifest.xml:53:13-63:29
87                <action android:name="android.intent.action.VIEW" />
87-->[com.google.firebase:firebase-auth:22.3.0] AndroidManifest.xml:36:17-69
87-->[com.google.firebase:firebase-auth:22.3.0] AndroidManifest.xml:36:25-66
88
89                <category android:name="android.intent.category.DEFAULT" />
89-->[com.google.firebase:firebase-auth:22.3.0] AndroidManifest.xml:38:17-76
89-->[com.google.firebase:firebase-auth:22.3.0] AndroidManifest.xml:38:27-73
90                <category android:name="android.intent.category.BROWSABLE" />
90-->[com.google.firebase:firebase-auth:22.3.0] AndroidManifest.xml:39:17-78
90-->[com.google.firebase:firebase-auth:22.3.0] AndroidManifest.xml:39:27-75
91
92                <data
92-->[com.google.firebase:firebase-auth:22.3.0] AndroidManifest.xml:41:17-44:51
93                    android:host="firebase.auth"
93-->[com.google.firebase:firebase-auth:22.3.0] AndroidManifest.xml:42:21-49
94                    android:path="/"
94-->[com.google.firebase:firebase-auth:22.3.0] AndroidManifest.xml:43:21-37
95                    android:scheme="recaptcha" />
95-->[com.google.firebase:firebase-auth:22.3.0] AndroidManifest.xml:44:21-48
96            </intent-filter>
97        </activity>
98
99        <service
99-->[com.google.firebase:firebase-auth:22.3.0] AndroidManifest.xml:66:9-72:19
100            android:name="com.google.firebase.components.ComponentDiscoveryService"
100-->[com.google.firebase:firebase-auth:22.3.0] AndroidManifest.xml:67:13-84
101            android:directBootAware="true"
101-->[com.google.firebase:firebase-common:20.4.2] AndroidManifest.xml:32:13-43
102            android:exported="false" >
102-->[com.google.firebase:firebase-auth:22.3.0] AndroidManifest.xml:68:13-37
103            <meta-data
103-->[com.google.firebase:firebase-auth:22.3.0] AndroidManifest.xml:69:13-71:85
104                android:name="com.google.firebase.components:com.google.firebase.auth.FirebaseAuthRegistrar"
104-->[com.google.firebase:firebase-auth:22.3.0] AndroidManifest.xml:70:17-109
105                android:value="com.google.firebase.components.ComponentRegistrar" />
105-->[com.google.firebase:firebase-auth:22.3.0] AndroidManifest.xml:71:17-82
106            <meta-data
106-->[com.google.firebase:firebase-common-ktx:20.4.2] AndroidManifest.xml:12:13-14:85
107                android:name="com.google.firebase.components:com.google.firebase.ktx.FirebaseCommonLegacyRegistrar"
107-->[com.google.firebase:firebase-common-ktx:20.4.2] AndroidManifest.xml:13:17-116
108                android:value="com.google.firebase.components.ComponentRegistrar" />
108-->[com.google.firebase:firebase-common-ktx:20.4.2] AndroidManifest.xml:14:17-82
109            <meta-data
109-->[com.google.firebase:firebase-common:20.4.2] AndroidManifest.xml:35:13-37:85
110                android:name="com.google.firebase.components:com.google.firebase.FirebaseCommonKtxRegistrar"
110-->[com.google.firebase:firebase-common:20.4.2] AndroidManifest.xml:36:17-109
111                android:value="com.google.firebase.components.ComponentRegistrar" />
111-->[com.google.firebase:firebase-common:20.4.2] AndroidManifest.xml:37:17-82
112        </service>
113
114        <provider
114-->[com.google.firebase:firebase-common:20.4.2] AndroidManifest.xml:23:9-28:39
115            android:name="com.google.firebase.provider.FirebaseInitProvider"
115-->[com.google.firebase:firebase-common:20.4.2] AndroidManifest.xml:24:13-77
116            android:authorities="com.example.application3.firebaseinitprovider"
116-->[com.google.firebase:firebase-common:20.4.2] AndroidManifest.xml:25:13-72
117            android:directBootAware="true"
117-->[com.google.firebase:firebase-common:20.4.2] AndroidManifest.xml:26:13-43
118            android:exported="false"
118-->[com.google.firebase:firebase-common:20.4.2] AndroidManifest.xml:27:13-37
119            android:initOrder="100" />
119-->[com.google.firebase:firebase-common:20.4.2] AndroidManifest.xml:28:13-36
120
121        <activity
121-->[com.google.android.gms:play-services-base:18.0.1] AndroidManifest.xml:20:9-22:45
122            android:name="com.google.android.gms.common.api.GoogleApiActivity"
122-->[com.google.android.gms:play-services-base:18.0.1] AndroidManifest.xml:20:19-85
123            android:exported="false"
123-->[com.google.android.gms:play-services-base:18.0.1] AndroidManifest.xml:22:19-43
124            android:theme="@android:style/Theme.Translucent.NoTitleBar" />
124-->[com.google.android.gms:play-services-base:18.0.1] AndroidManifest.xml:21:19-78
125
126        <provider
126-->[androidx.emoji2:emoji2:1.2.0] AndroidManifest.xml:24:9-32:20
127            android:name="androidx.startup.InitializationProvider"
127-->[androidx.emoji2:emoji2:1.2.0] AndroidManifest.xml:25:13-67
128            android:authorities="com.example.application3.androidx-startup"
128-->[androidx.emoji2:emoji2:1.2.0] AndroidManifest.xml:26:13-68
129            android:exported="false" >
129-->[androidx.emoji2:emoji2:1.2.0] AndroidManifest.xml:27:13-37
130            <meta-data
130-->[androidx.emoji2:emoji2:1.2.0] AndroidManifest.xml:29:13-31:52
131                android:name="androidx.emoji2.text.EmojiCompatInitializer"
131-->[androidx.emoji2:emoji2:1.2.0] AndroidManifest.xml:30:17-75
132                android:value="androidx.startup" />
132-->[androidx.emoji2:emoji2:1.2.0] AndroidManifest.xml:31:17-49
133            <meta-data
133-->[androidx.lifecycle:lifecycle-process:2.6.1] AndroidManifest.xml:29:13-31:52
134                android:name="androidx.lifecycle.ProcessLifecycleInitializer"
134-->[androidx.lifecycle:lifecycle-process:2.6.1] AndroidManifest.xml:30:17-78
135                android:value="androidx.startup" />
135-->[androidx.lifecycle:lifecycle-process:2.6.1] AndroidManifest.xml:31:17-49
136            <meta-data
136-->[androidx.profileinstaller:profileinstaller:1.3.0] AndroidManifest.xml:29:13-31:52
137                android:name="androidx.profileinstaller.ProfileInstallerInitializer"
137-->[androidx.profileinstaller:profileinstaller:1.3.0] AndroidManifest.xml:30:17-85
138                android:value="androidx.startup" />
138-->[androidx.profileinstaller:profileinstaller:1.3.0] AndroidManifest.xml:31:17-49
139        </provider>
140
141        <meta-data
141-->[com.google.android.gms:play-services-basement:18.1.0] AndroidManifest.xml:21:9-23:69
142            android:name="com.google.android.gms.version"
142-->[com.google.android.gms:play-services-basement:18.1.0] AndroidManifest.xml:22:13-58
143            android:value="@integer/google_play_services_version" />
143-->[com.google.android.gms:play-services-basement:18.1.0] AndroidManifest.xml:23:13-66
144
145        <receiver
145-->[androidx.profileinstaller:profileinstaller:1.3.0] AndroidManifest.xml:34:9-52:20
146            android:name="androidx.profileinstaller.ProfileInstallReceiver"
146-->[androidx.profileinstaller:profileinstaller:1.3.0] AndroidManifest.xml:35:13-76
147            android:directBootAware="false"
147-->[androidx.profileinstaller:profileinstaller:1.3.0] AndroidManifest.xml:36:13-44
148            android:enabled="true"
148-->[androidx.profileinstaller:profileinstaller:1.3.0] AndroidManifest.xml:37:13-35
149            android:exported="true"
149-->[androidx.profileinstaller:profileinstaller:1.3.0] AndroidManifest.xml:38:13-36
150            android:permission="android.permission.DUMP" >
150-->[androidx.profileinstaller:profileinstaller:1.3.0] AndroidManifest.xml:39:13-57
151            <intent-filter>
151-->[androidx.profileinstaller:profileinstaller:1.3.0] AndroidManifest.xml:40:13-42:29
152                <action android:name="androidx.profileinstaller.action.INSTALL_PROFILE" />
152-->[androidx.profileinstaller:profileinstaller:1.3.0] AndroidManifest.xml:41:17-91
152-->[androidx.profileinstaller:profileinstaller:1.3.0] AndroidManifest.xml:41:25-88
153            </intent-filter>
154            <intent-filter>
154-->[androidx.profileinstaller:profileinstaller:1.3.0] AndroidManifest.xml:43:13-45:29
155                <action android:name="androidx.profileinstaller.action.SKIP_FILE" />
155-->[androidx.profileinstaller:profileinstaller:1.3.0] AndroidManifest.xml:44:17-85
155-->[androidx.profileinstaller:profileinstaller:1.3.0] AndroidManifest.xml:44:25-82
156            </intent-filter>
157            <intent-filter>
157-->[androidx.profileinstaller:profileinstaller:1.3.0] AndroidManifest.xml:46:13-48:29
158                <action android:name="androidx.profileinstaller.action.SAVE_PROFILE" />
158-->[androidx.profileinstaller:profileinstaller:1.3.0] AndroidManifest.xml:47:17-88
158-->[androidx.profileinstaller:profileinstaller:1.3.0] AndroidManifest.xml:47:25-85
159            </intent-filter>
160            <intent-filter>
160-->[androidx.profileinstaller:profileinstaller:1.3.0] AndroidManifest.xml:49:13-51:29
161                <action android:name="androidx.profileinstaller.action.BENCHMARK_OPERATION" />
161-->[androidx.profileinstaller:profileinstaller:1.3.0] AndroidManifest.xml:50:17-95
161-->[androidx.profileinstaller:profileinstaller:1.3.0] AndroidManifest.xml:50:25-92
162            </intent-filter>
163        </receiver>
164    </application>
165
166</manifest>